[main] INFO  com.capgemini.bookmydoctor.controller.Main  - **********************************************************************************************************************************************************************************
[main] INFO  com.capgemini.bookmydoctor.controller.Main  -                                                                !!!!!Welcome to Book my Doctor Application!!!!!!
[main] INFO  com.capgemini.bookmydoctor.controller.Main  - **********************************************************************************************************************************************************************************
[main] INFO  com.capgemini.bookmydoctor.controller.Main  - ******!!!Welcome To Home Page!!!Choose any User~~~~~~~~:-********** 
[main] INFO  com.capgemini.bookmydoctor.controller.Main  - Avaiable options you have--->
[main] INFO  com.capgemini.bookmydoctor.controller.Main  - Enter 1 For Admin
[main] INFO  com.capgemini.bookmydoctor.controller.Main  - Enter 2 For Doctor
[main] INFO  com.capgemini.bookmydoctor.controller.Main  - Enter 3 For Patient
[main] INFO  com.capgemini.bookmydoctor.controller.Main  - Enter 4 For Exit
[main] INFO  com.capgemini.bookmydoctor.controller.Main  - Press your choice below-->
[main] INFO  com.capgemini.bookmydoctor.controller.Main  - **********************************************************************************************************************************************************************************
[main] INFO  com.capgemini.bookmydoctor.controller.Main  -                                                                !!!!!Welcome to Book my Doctor Application!!!!!!
[main] INFO  com.capgemini.bookmydoctor.controller.Main  - **********************************************************************************************************************************************************************************
[main] INFO  com.capgemini.bookmydoctor.controller.Main  - ******!!!Welcome To Home Page!!!Choose any User~~~~~~~~:-********** 
[main] INFO  com.capgemini.bookmydoctor.controller.Main  - Avaiable options you have--->
[main] INFO  com.capgemini.bookmydoctor.controller.Main  - Enter 1 For Admin
[main] INFO  com.capgemini.bookmydoctor.controller.Main  - Enter 2 For Doctor
[main] INFO  com.capgemini.bookmydoctor.controller.Main  - Enter 3 For Patient
[main] INFO  com.capgemini.bookmydoctor.controller.Main  - Enter 4 For Exit
[main] INFO  com.capgemini.bookmydoctor.controller.Main  - Press your choice below-->
[main] INFO  com.capgemini.bookmydoctor.controller.Main  - **********************************************************************************************************************************************************************************
[main] INFO  com.capgemini.bookmydoctor.controller.Main  -                                                                !!!!!Welcome to Book my Doctor Application!!!!!!
[main] INFO  com.capgemini.bookmydoctor.controller.Main  - **********************************************************************************************************************************************************************************
[main] INFO  com.capgemini.bookmydoctor.controller.Main  - ******!!!Welcome To Home Page!!!Choose any User~~~~~~~~:-********** 
[main] INFO  com.capgemini.bookmydoctor.controller.Main  - Avaiable options you have--->
[main] INFO  com.capgemini.bookmydoctor.controller.Main  - Enter 1 For Admin
[main] INFO  com.capgemini.bookmydoctor.controller.Main  - Enter 2 For Doctor
[main] INFO  com.capgemini.bookmydoctor.controller.Main  - Enter 3 For Patient
[main] INFO  com.capgemini.bookmydoctor.controller.Main  - Enter 4 For Exit
[main] INFO  com.capgemini.bookmydoctor.controller.Main  - Press your choice below-->
[main] INFO  com.capgemini.bookmydoctor.controller.Main  - **********************************************************************************************************************************************************************************
[main] INFO  com.capgemini.bookmydoctor.controller.Main  -                                                                !!!!!Welcome to Book my Doctor Application!!!!!!
[main] INFO  com.capgemini.bookmydoctor.controller.Main  - **********************************************************************************************************************************************************************************
[main] INFO  com.capgemini.bookmydoctor.controller.Main  - ******!!!Welcome To Home Page!!!Choose any User~~~~~~~~:-********** 
[main] INFO  com.capgemini.bookmydoctor.controller.Main  - Avaiable options you have--->
[main] INFO  com.capgemini.bookmydoctor.controller.Main  - Enter 1 For Admin
[main] INFO  com.capgemini.bookmydoctor.controller.Main  - Enter 2 For Doctor
[main] INFO  com.capgemini.bookmydoctor.controller.Main  - Enter 3 For Patient
[main] INFO  com.capgemini.bookmydoctor.controller.Main  - Enter 4 For Exit
[main] INFO  com.capgemini.bookmydoctor.controller.Main  - Press your choice below-->
[main] INFO  com.capgemini.bookmydoctor.controller.Main  - ThankYou...!!!!
[main] INFO  com.capgemini.bookmydoctor.controller.Main  - **********************************************************************************************************************************************************************************
[main] INFO  com.capgemini.bookmydoctor.controller.Main  -                                                                !!!!!Welcome to Book my Doctor Application!!!!!!
[main] INFO  com.capgemini.bookmydoctor.controller.Main  - **********************************************************************************************************************************************************************************
[main] INFO  com.capgemini.bookmydoctor.controller.Main  - ******!!!Welcome To Home Page!!!Choose any User~~~~~~~~:-********** 
[main] INFO  com.capgemini.bookmydoctor.controller.Main  - Avaiable options you have--->
[main] INFO  com.capgemini.bookmydoctor.controller.Main  - Enter 1 For Admin
[main] INFO  com.capgemini.bookmydoctor.controller.Main  - Enter 2 For Doctor
[main] INFO  com.capgemini.bookmydoctor.controller.Main  - Enter 3 For Patient
[main] INFO  com.capgemini.bookmydoctor.controller.Main  - Enter 4 For Exit
[main] INFO  com.capgemini.bookmydoctor.controller.Main  - Press your choice below-->
[main] INFO  com.capgemini.bookmydoctor.controller.Main  - ThankYou for using Book My Doctor Application...!!!!!!!
[main] INFO  com.capgemini.bookmydoctor.controller.Main  - **********************************************************************************************************************************************************************************
[main] INFO  com.capgemini.bookmydoctor.controller.Main  -                                                                !!!!!Welcome to Book my Doctor Application!!!!!!
[main] INFO  com.capgemini.bookmydoctor.controller.Main  - **********************************************************************************************************************************************************************************
[main] INFO  com.capgemini.bookmydoctor.controller.Main  - ******!!!Welcome To Home Page!!!Choose any User~~~~~~~~:-********** 
[main] INFO  com.capgemini.bookmydoctor.controller.Main  - Avaiable options you have--->
[main] INFO  com.capgemini.bookmydoctor.controller.Main  - Enter 1 For Admin
[main] INFO  com.capgemini.bookmydoctor.controller.Main  - Enter 2 For Doctor
[main] INFO  com.capgemini.bookmydoctor.controller.Main  - Enter 3 For Patient
[main] INFO  com.capgemini.bookmydoctor.controller.Main  - Enter 4 For Exit
[main] INFO  com.capgemini.bookmydoctor.controller.Main  - Press your choice below-->
[main] INFO  com.capgemini.bookmydoctor.controller.Main  - **********************************************************************************************************************************************************************************
[main] INFO  com.capgemini.bookmydoctor.controller.Main  -                                                                !!!!!Welcome to Book my Doctor Application!!!!!!
[main] INFO  com.capgemini.bookmydoctor.controller.Main  - **********************************************************************************************************************************************************************************
[main] INFO  com.capgemini.bookmydoctor.controller.Main  - ******!!!Welcome To Home Page!!!Choose any User~~~~~~~~:-********** 
[main] INFO  com.capgemini.bookmydoctor.controller.Main  - Avaiable options you have--->
[main] INFO  com.capgemini.bookmydoctor.controller.Main  - Enter 1 For Admin
[main] INFO  com.capgemini.bookmydoctor.controller.Main  - Enter 2 For Doctor
[main] INFO  com.capgemini.bookmydoctor.controller.Main  - Enter 3 For Patient
[main] INFO  com.capgemini.bookmydoctor.controller.Main  - Enter 4 For Exit
[main] INFO  com.capgemini.bookmydoctor.controller.Main  - Press your choice below-->
[main] INFO  com.capgemini.bookmydoctor.controller.AdminController  - Enter email(Ex:- sai@gmail.com)
[main] INFO  com.capgemini.bookmydoctor.controller.AdminController  - Enter password(Atleast min 8 max 16,One Integer,One Capsletter,One Specialsymbol(Ex-Querty@1A))
[main] INFO  com.capgemini.bookmydoctor.controller.AdminController  - ****Welcome to Admin Page****
[main] INFO  com.capgemini.bookmydoctor.controller.AdminController  - ***********************************************
[main] INFO  com.capgemini.bookmydoctor.controller.AdminController  - Avaiable options you have---> 
[main] INFO  com.capgemini.bookmydoctor.controller.AdminController  - Press 1 For  Doctor Info  
[main] INFO  com.capgemini.bookmydoctor.controller.AdminController  - Press 2 For  Patient Info  
[main] INFO  com.capgemini.bookmydoctor.controller.AdminController  - Press 3 For  Rating Info  
[main] INFO  com.capgemini.bookmydoctor.controller.AdminController  - Press 4 For  Appointment Info  
[main] INFO  com.capgemini.bookmydoctor.controller.AdminController  - Press 5 For  Display  
[main] INFO  com.capgemini.bookmydoctor.controller.AdminController  - Press 6 For  Back  
[main] INFO  com.capgemini.bookmydoctor.controller.AdminController  - Enter Your Choice below--->
[main] INFO  com.capgemini.bookmydoctor.controller.AdminController  - *************************************
[main] INFO  com.capgemini.bookmydoctor.controller.AdminController  - Avaiable options you have--->
[main] INFO  com.capgemini.bookmydoctor.controller.AdminController  - Press 1 For View Doctor's Info  
[main] INFO  com.capgemini.bookmydoctor.controller.AdminController  - Press 2 For Register
[main] INFO  com.capgemini.bookmydoctor.controller.AdminController  - Press 3 For Delete Doctor  
[main] INFO  com.capgemini.bookmydoctor.controller.AdminController  - Press 4 For Back  
[main] INFO  com.capgemini.bookmydoctor.controller.AdminController  - Enter Your Choice below--->
[main] INFO  com.capgemini.bookmydoctor.controller.AdminController  - **************************************************************
[main] INFO  com.capgemini.bookmydoctor.controller.AdminController  - Doctor Id is             :- 101
[main] INFO  com.capgemini.bookmydoctor.controller.AdminController  - Doctor Name is           :- Khusboo
[main] INFO  com.capgemini.bookmydoctor.controller.AdminController  - Doctor Email is          :- khusboo@gmail.com
[main] INFO  com.capgemini.bookmydoctor.controller.AdminController  - Doctor Specialization is :- Nuerologist
[main] INFO  com.capgemini.bookmydoctor.controller.AdminController  - Doctor Fees is           :- 1000
[main] INFO  com.capgemini.bookmydoctor.controller.AdminController  - Doctor Location is       :- Bhopal
[main] INFO  com.capgemini.bookmydoctor.controller.AdminController  - Doctor Mobile no. is     :- 8109688225
[main] INFO  com.capgemini.bookmydoctor.controller.AdminController  - ***************************************************************
[main] INFO  com.capgemini.bookmydoctor.controller.AdminController  - *************************************
[main] INFO  com.capgemini.bookmydoctor.controller.AdminController  - Avaiable options you have--->
[main] INFO  com.capgemini.bookmydoctor.controller.AdminController  - Press 1 For View Doctor's Info  
[main] INFO  com.capgemini.bookmydoctor.controller.AdminController  - Press 2 For Register
[main] INFO  com.capgemini.bookmydoctor.controller.AdminController  - Press 3 For Delete Doctor  
[main] INFO  com.capgemini.bookmydoctor.controller.AdminController  - Press 4 For Back  
[main] INFO  com.capgemini.bookmydoctor.controller.AdminController  - Enter Your Choice below--->
[main] INFO  com.capgemini.bookmydoctor.controller.AdminController  - ***********************************************
[main] INFO  com.capgemini.bookmydoctor.controller.AdminController  - Avaiable options you have---> 
[main] INFO  com.capgemini.bookmydoctor.controller.AdminController  - Press 1 For  Doctor Info  
[main] INFO  com.capgemini.bookmydoctor.controller.AdminController  - Press 2 For  Patient Info  
[main] INFO  com.capgemini.bookmydoctor.controller.AdminController  - Press 3 For  Rating Info  
[main] INFO  com.capgemini.bookmydoctor.controller.AdminController  - Press 4 For  Appointment Info  
[main] INFO  com.capgemini.bookmydoctor.controller.AdminController  - Press 5 For  Display  
[main] INFO  com.capgemini.bookmydoctor.controller.AdminController  - Press 6 For  Back  
[main] INFO  com.capgemini.bookmydoctor.controller.AdminController  - Enter Your Choice below--->
[main] INFO  com.capgemini.bookmydoctor.controller.AdminController  - AdminDto(adminId=1, adminName=Rajat, adminEmailId=rajat@gmail.com, password=querty@1A)
[main] INFO  com.capgemini.bookmydoctor.controller.AdminController  - --------------
[main] INFO  com.capgemini.bookmydoctor.controller.AdminController  - ***********************************************
[main] INFO  com.capgemini.bookmydoctor.controller.AdminController  - Avaiable options you have---> 
[main] INFO  com.capgemini.bookmydoctor.controller.AdminController  - Press 1 For  Doctor Info  
[main] INFO  com.capgemini.bookmydoctor.controller.AdminController  - Press 2 For  Patient Info  
[main] INFO  com.capgemini.bookmydoctor.controller.AdminController  - Press 3 For  Rating Info  
[main] INFO  com.capgemini.bookmydoctor.controller.AdminController  - Press 4 For  Appointment Info  
[main] INFO  com.capgemini.bookmydoctor.controller.AdminController  - Press 5 For  Display  
[main] INFO  com.capgemini.bookmydoctor.controller.AdminController  - Press 6 For  Back  
[main] INFO  com.capgemini.bookmydoctor.controller.AdminController  - Enter Your Choice below--->
[main] INFO  com.capgemini.bookmydoctor.controller.AdminController  - Avaiable options you have---> 
[main] INFO  com.capgemini.bookmydoctor.controller.AdminController  - Press 1 For View Patient Info 
[main] INFO  com.capgemini.bookmydoctor.controller.AdminController  - Press 2 For Delete Patient 
[main] INFO  com.capgemini.bookmydoctor.controller.AdminController  - Press 3 For Back  
[main] INFO  com.capgemini.bookmydoctor.controller.AdminController  - Enter Your Choice below--->
[main] INFO  com.capgemini.bookmydoctor.controller.AdminController  - *******************************************************
[main] INFO  com.capgemini.bookmydoctor.controller.AdminController  - Patient Id is         :- 1
[main] INFO  com.capgemini.bookmydoctor.controller.AdminController  - Patient Name is       :- Sai
[main] INFO  com.capgemini.bookmydoctor.controller.AdminController  - Patient Email is      :- sai@gmail.com
[main] INFO  com.capgemini.bookmydoctor.controller.AdminController  - Patient Password is   :- querty@1A
[main] INFO  com.capgemini.bookmydoctor.controller.AdminController  - Patient Gender is     :- Male
[main] INFO  com.capgemini.bookmydoctor.controller.AdminController  - Patient Age is        :- 23
[main] INFO  com.capgemini.bookmydoctor.controller.AdminController  - Patient Mobile No is  :- 98745612
[main] INFO  com.capgemini.bookmydoctor.controller.AdminController  - Patient Address is    :- Mynta tech park
[main] INFO  com.capgemini.bookmydoctor.controller.AdminController  - *************************************************************
[main] INFO  com.capgemini.bookmydoctor.controller.AdminController  - Avaiable options you have---> 
[main] INFO  com.capgemini.bookmydoctor.controller.AdminController  - Press 1 For View Patient Info 
[main] INFO  com.capgemini.bookmydoctor.controller.AdminController  - Press 2 For Delete Patient 
[main] INFO  com.capgemini.bookmydoctor.controller.AdminController  - Press 3 For Back  
[main] INFO  com.capgemini.bookmydoctor.controller.AdminController  - Enter Your Choice below--->
[main] INFO  com.capgemini.bookmydoctor.controller.AdminController  - ***********************************************
[main] INFO  com.capgemini.bookmydoctor.controller.AdminController  - Avaiable options you have---> 
[main] INFO  com.capgemini.bookmydoctor.controller.AdminController  - Press 1 For  Doctor Info  
[main] INFO  com.capgemini.bookmydoctor.controller.AdminController  - Press 2 For  Patient Info  
[main] INFO  com.capgemini.bookmydoctor.controller.AdminController  - Press 3 For  Rating Info  
[main] INFO  com.capgemini.bookmydoctor.controller.AdminController  - Press 4 For  Appointment Info  
[main] INFO  com.capgemini.bookmydoctor.controller.AdminController  - Press 5 For  Display  
[main] INFO  com.capgemini.bookmydoctor.controller.AdminController  - Press 6 For  Back  
[main] INFO  com.capgemini.bookmydoctor.controller.AdminController  - Enter Your Choice below--->
[main] INFO  com.capgemini.bookmydoctor.controller.AdminController  - 
[main] INFO  com.capgemini.bookmydoctor.controller.AdminController  - Avaiable options you have--->
[main] INFO  com.capgemini.bookmydoctor.controller.AdminController  - Press 1 For View Appointment Info  
[main] INFO  com.capgemini.bookmydoctor.controller.AdminController  - Press 2 For Update Appointment Info  
[main] INFO  com.capgemini.bookmydoctor.controller.AdminController  - Press 3 For Delete Appointment   
[main] INFO  com.capgemini.bookmydoctor.controller.AdminController  - Press 4 For Back  
[main] INFO  com.capgemini.bookmydoctor.controller.AdminController  - Enter Your Choice below--->
[main] INFO  com.capgemini.bookmydoctor.controller.AdminController  - ********************************************************************
[main] INFO  com.capgemini.bookmydoctor.controller.AdminController  - Appointment Id is     :- 111
[main] INFO  com.capgemini.bookmydoctor.controller.AdminController  - Doctor Id is          :- 101
[main] INFO  com.capgemini.bookmydoctor.controller.AdminController  - Doctor Name is        :- Khusboo
[main] INFO  com.capgemini.bookmydoctor.controller.AdminController  - Patient Id is         :- 1
[main] INFO  com.capgemini.bookmydoctor.controller.AdminController  - Patient Name is       :- Sai
[main] INFO  com.capgemini.bookmydoctor.controller.AdminController  - Appointment Date is   :- 20-10-2019 9:00 AM - 10:00 AM
[main] INFO  com.capgemini.bookmydoctor.controller.AdminController  - *********************************************************************
[main] INFO  com.capgemini.bookmydoctor.controller.AdminController  - 
[main] INFO  com.capgemini.bookmydoctor.controller.AdminController  - Avaiable options you have--->
[main] INFO  com.capgemini.bookmydoctor.controller.AdminController  - Press 1 For View Appointment Info  
[main] INFO  com.capgemini.bookmydoctor.controller.AdminController  - Press 2 For Update Appointment Info  
[main] INFO  com.capgemini.bookmydoctor.controller.AdminController  - Press 3 For Delete Appointment   
[main] INFO  com.capgemini.bookmydoctor.controller.AdminController  - Press 4 For Back  
[main] INFO  com.capgemini.bookmydoctor.controller.AdminController  - Enter Your Choice below--->
[main] INFO  com.capgemini.bookmydoctor.controller.AdminController  - ***********************************************
[main] INFO  com.capgemini.bookmydoctor.controller.AdminController  - Avaiable options you have---> 
[main] INFO  com.capgemini.bookmydoctor.controller.AdminController  - Press 1 For  Doctor Info  
[main] INFO  com.capgemini.bookmydoctor.controller.AdminController  - Press 2 For  Patient Info  
[main] INFO  com.capgemini.bookmydoctor.controller.AdminController  - Press 3 For  Rating Info  
[main] INFO  com.capgemini.bookmydoctor.controller.AdminController  - Press 4 For  Appointment Info  
[main] INFO  com.capgemini.bookmydoctor.controller.AdminController  - Press 5 For  Display  
[main] INFO  com.capgemini.bookmydoctor.controller.AdminController  - Press 6 For  Back  
[main] INFO  com.capgemini.bookmydoctor.controller.AdminController  - Enter Your Choice below--->
[main] INFO  com.capgemini.bookmydoctor.controller.Main  - ******!!!Welcome To Home Page!!!Choose any User~~~~~~~~:-********** 
[main] INFO  com.capgemini.bookmydoctor.controller.Main  - Avaiable options you have--->
[main] INFO  com.capgemini.bookmydoctor.controller.Main  - Enter 1 For Admin
[main] INFO  com.capgemini.bookmydoctor.controller.Main  - Enter 2 For Doctor
[main] INFO  com.capgemini.bookmydoctor.controller.Main  - Enter 3 For Patient
[main] INFO  com.capgemini.bookmydoctor.controller.Main  - Enter 4 For Exit
[main] INFO  com.capgemini.bookmydoctor.controller.Main  - Press your choice below-->
[main] INFO  com.capgemini.bookmydoctor.controller.Main  - ***********Welcome to Doctor Page**************
[main] INFO  com.capgemini.bookmydoctor.controller.Main  - Avaiable options you have --->
[main] INFO  com.capgemini.bookmydoctor.controller.Main  - Enter 1 For Login
[main] INFO  com.capgemini.bookmydoctor.controller.Main  - Enter 2 For Exit
[main] INFO  com.capgemini.bookmydoctor.controller.Main  - Enter Your Choice below--->
[main] INFO  com.capgemini.bookmydoctor.controller.Main  - Please!!!Enter valid input
[main] INFO  com.capgemini.bookmydoctor.controller.Main  - ***********Welcome to Doctor Page**************
[main] INFO  com.capgemini.bookmydoctor.controller.Main  - Avaiable options you have --->
[main] INFO  com.capgemini.bookmydoctor.controller.Main  - Enter 1 For Login
[main] INFO  com.capgemini.bookmydoctor.controller.Main  - Enter 2 For Exit
[main] INFO  com.capgemini.bookmydoctor.controller.Main  - Enter Your Choice below--->
[main] INFO  com.capgemini.bookmydoctor.controller.Main  - Please!!!Enter valid input
[main] INFO  com.capgemini.bookmydoctor.controller.Main  - ***********Welcome to Doctor Page**************
[main] INFO  com.capgemini.bookmydoctor.controller.Main  - Avaiable options you have --->
[main] INFO  com.capgemini.bookmydoctor.controller.Main  - Enter 1 For Login
[main] INFO  com.capgemini.bookmydoctor.controller.Main  - Enter 2 For Exit
[main] INFO  com.capgemini.bookmydoctor.controller.Main  - Enter Your Choice below--->
[main] INFO  com.capgemini.bookmydoctor.controller.DoctorController  - Enter email(Ex-sai@gmail.com)
[main] INFO  com.capgemini.bookmydoctor.controller.DoctorController  - Enter password(Atleast min 8 max 16,One Integer,One Capsletter,One Specialsymbol(Ex-Querty@1A))
[main] INFO  com.capgemini.bookmydoctor.controller.DoctorController  - Login Successful!!! Welcome to Doctor page 
[main] INFO  com.capgemini.bookmydoctor.controller.DoctorController  - 
[main] INFO  com.capgemini.bookmydoctor.controller.DoctorController  - Avaiable options you have---> 
[main] INFO  com.capgemini.bookmydoctor.controller.DoctorController  - Press 1 For  View Appointment Details
[main] INFO  com.capgemini.bookmydoctor.controller.DoctorController  - Press 2 For  View Doctor Details
[main] INFO  com.capgemini.bookmydoctor.controller.DoctorController  - Press 3 For  Update Doctor Details
[main] INFO  com.capgemini.bookmydoctor.controller.DoctorController  - Press 4 For  Update Appointment Details
[main] INFO  com.capgemini.bookmydoctor.controller.DoctorController  - Press 5 For  Delete Appointment
[main] INFO  com.capgemini.bookmydoctor.controller.DoctorController  - Press 6 For  Logout
[main] INFO  com.capgemini.bookmydoctor.controller.DoctorController  - Enter Your Choice below--->
[main] INFO  com.capgemini.bookmydoctor.controller.DoctorController  - ------------------------------------------------
[main] INFO  com.capgemini.bookmydoctor.controller.DoctorController  - Appointment Id is   :- 111
[main] INFO  com.capgemini.bookmydoctor.controller.DoctorController  - Doctor Id is        :- 101
[main] INFO  com.capgemini.bookmydoctor.controller.DoctorController  - Doctor Name is      :- Khusboo
[main] INFO  com.capgemini.bookmydoctor.controller.DoctorController  - Patient Id is       :- 1
[main] INFO  com.capgemini.bookmydoctor.controller.DoctorController  - Patient Name is     :- Sai
[main] INFO  com.capgemini.bookmydoctor.controller.DoctorController  - Appointment Date is :- 20-10-2019 9:00 AM - 10:00 AM
[main] INFO  com.capgemini.bookmydoctor.controller.DoctorController  - ------------------------------------------------
[main] INFO  com.capgemini.bookmydoctor.controller.DoctorController  - 
[main] INFO  com.capgemini.bookmydoctor.controller.DoctorController  - Avaiable options you have---> 
[main] INFO  com.capgemini.bookmydoctor.controller.DoctorController  - Press 1 For  View Appointment Details
[main] INFO  com.capgemini.bookmydoctor.controller.DoctorController  - Press 2 For  View Doctor Details
[main] INFO  com.capgemini.bookmydoctor.controller.DoctorController  - Press 3 For  Update Doctor Details
[main] INFO  com.capgemini.bookmydoctor.controller.DoctorController  - Press 4 For  Update Appointment Details
[main] INFO  com.capgemini.bookmydoctor.controller.DoctorController  - Press 5 For  Delete Appointment
[main] INFO  com.capgemini.bookmydoctor.controller.DoctorController  - Press 6 For  Logout
[main] INFO  com.capgemini.bookmydoctor.controller.DoctorController  - Enter Your Choice below--->
[main] INFO  com.capgemini.bookmydoctor.controller.DoctorController  - **************************************************************
[main] INFO  com.capgemini.bookmydoctor.controller.DoctorController  - Doctor Id is             :- 101
[main] INFO  com.capgemini.bookmydoctor.controller.DoctorController  - Doctor Name is           :- Khusboo
[main] INFO  com.capgemini.bookmydoctor.controller.DoctorController  - Doctor Email is          :- khusboo@gmail.com
[main] INFO  com.capgemini.bookmydoctor.controller.DoctorController  - Doctor Specialization is :- Nuerologist
[main] INFO  com.capgemini.bookmydoctor.controller.DoctorController  - Doctor Location is       :- Bhopal
[main] INFO  com.capgemini.bookmydoctor.controller.DoctorController  - Doctor Mobile no. is     :- 8109688225
[main] INFO  com.capgemini.bookmydoctor.controller.DoctorController  - Doctor Timing's is       :- 9:00 AM - 9:00 PM
[main] INFO  com.capgemini.bookmydoctor.controller.DoctorController  - Doctor Leave-Status is   :- false
[main] INFO  com.capgemini.bookmydoctor.controller.DoctorController  - ***************************************************************
[main] INFO  com.capgemini.bookmydoctor.controller.DoctorController  - 
[main] INFO  com.capgemini.bookmydoctor.controller.DoctorController  - Avaiable options you have---> 
[main] INFO  com.capgemini.bookmydoctor.controller.DoctorController  - Press 1 For  View Appointment Details
[main] INFO  com.capgemini.bookmydoctor.controller.DoctorController  - Press 2 For  View Doctor Details
[main] INFO  com.capgemini.bookmydoctor.controller.DoctorController  - Press 3 For  Update Doctor Details
[main] INFO  com.capgemini.bookmydoctor.controller.DoctorController  - Press 4 For  Update Appointment Details
[main] INFO  com.capgemini.bookmydoctor.controller.DoctorController  - Press 5 For  Delete Appointment
[main] INFO  com.capgemini.bookmydoctor.controller.DoctorController  - Press 6 For  Logout
[main] INFO  com.capgemini.bookmydoctor.controller.DoctorController  - Enter Your Choice below--->
[main] INFO  com.capgemini.bookmydoctor.controller.Main  - ***********Welcome to Doctor Page**************
[main] INFO  com.capgemini.bookmydoctor.controller.Main  - Avaiable options you have --->
[main] INFO  com.capgemini.bookmydoctor.controller.Main  - Enter 1 For Login
[main] INFO  com.capgemini.bookmydoctor.controller.Main  - Enter 2 For Exit
[main] INFO  com.capgemini.bookmydoctor.controller.Main  - Enter Your Choice below--->
[main] INFO  com.capgemini.bookmydoctor.controller.Main  - ******!!!Welcome To Home Page!!!Choose any User~~~~~~~~:-********** 
[main] INFO  com.capgemini.bookmydoctor.controller.Main  - Avaiable options you have--->
[main] INFO  com.capgemini.bookmydoctor.controller.Main  - Enter 1 For Admin
[main] INFO  com.capgemini.bookmydoctor.controller.Main  - Enter 2 For Doctor
[main] INFO  com.capgemini.bookmydoctor.controller.Main  - Enter 3 For Patient
[main] INFO  com.capgemini.bookmydoctor.controller.Main  - Enter 4 For Exit
[main] INFO  com.capgemini.bookmydoctor.controller.Main  - Press your choice below-->
[main] INFO  com.capgemini.bookmydoctor.controller.Main  - **********Welcome to Patient Page**************
[main] INFO  com.capgemini.bookmydoctor.controller.Main  - Avaiable options you have--->
[main] INFO  com.capgemini.bookmydoctor.controller.Main  - Enter 1 For Login
[main] INFO  com.capgemini.bookmydoctor.controller.Main  - Enter 2 For Register
[main] INFO  com.capgemini.bookmydoctor.controller.Main  - Enter 3 For Exit
[main] INFO  com.capgemini.bookmydoctor.controller.Main  - Enter Your Choice below--->
[main] INFO  com.capgemini.bookmydoctor.controller.PatientController  - Enter email(Ex-sai@gmail.com)
[main] INFO  com.capgemini.bookmydoctor.controller.PatientController  - Enter password(Atleast min 8 max 16,One Integer,One Capsletter,One Specialsymbol(Ex-Querty@1A))
[main] INFO  com.capgemini.bookmydoctor.controller.PatientController  - Login Successful!!! Welcome to Patient page 
[main] INFO  com.capgemini.bookmydoctor.controller.PatientController  - ***************************************
[main] INFO  com.capgemini.bookmydoctor.controller.PatientController  - Avaiable options you have--->:- 
[main] INFO  com.capgemini.bookmydoctor.controller.PatientController  - Press 1 For Search Doctor
[main] INFO  com.capgemini.bookmydoctor.controller.PatientController  - Press 2 For Book Appointment
[main] INFO  com.capgemini.bookmydoctor.controller.PatientController  - Press 3 For Update Patient Details
[main] INFO  com.capgemini.bookmydoctor.controller.PatientController  - Press 4 For Update Booking
[main] INFO  com.capgemini.bookmydoctor.controller.PatientController  - Press 5 For Delete Booking
[main] INFO  com.capgemini.bookmydoctor.controller.PatientController  - Press 6 For View Patient Info
[main] INFO  com.capgemini.bookmydoctor.controller.PatientController  - Press 7 For View Booking
[main] INFO  com.capgemini.bookmydoctor.controller.PatientController  - Press 8 For Add Rating
[main] INFO  com.capgemini.bookmydoctor.controller.PatientController  - Press 9 For Logout
[main] INFO  com.capgemini.bookmydoctor.controller.PatientController  - Enter Your Choice below--->
[main] INFO  com.capgemini.bookmydoctor.controller.PatientController  - Enter Location:-
[main] INFO  com.capgemini.bookmydoctor.controller.PatientController  - *******************This is Doctor Info.*******************
[main] INFO  com.capgemini.bookmydoctor.controller.PatientController  - Doctor Id is             :- 101
[main] INFO  com.capgemini.bookmydoctor.controller.PatientController  - Doctor Name is           :- Khusboo
[main] INFO  com.capgemini.bookmydoctor.controller.PatientController  - Doctor Email is          :- khusboo@gmail.com
[main] INFO  com.capgemini.bookmydoctor.controller.PatientController  - Doctor Specialization is :- Nuerologist
[main] INFO  com.capgemini.bookmydoctor.controller.PatientController  - Doctor Location is       :- Bhopal
[main] INFO  com.capgemini.bookmydoctor.controller.PatientController  - Doctor Mobile no. is     :- 8109688225
[main] INFO  com.capgemini.bookmydoctor.controller.PatientController  - Doctor Timing's is       :- 9:00 AM - 9:00 PM
[main] INFO  com.capgemini.bookmydoctor.controller.PatientController  - Doctor Leave-Status is   :- false
[main] INFO  com.capgemini.bookmydoctor.controller.PatientController  - ***************************************************************
[main] INFO  com.capgemini.bookmydoctor.controller.PatientController  - ***************************************
[main] INFO  com.capgemini.bookmydoctor.controller.PatientController  - Avaiable options you have--->:- 
[main] INFO  com.capgemini.bookmydoctor.controller.PatientController  - Press 1 For Search Doctor
[main] INFO  com.capgemini.bookmydoctor.controller.PatientController  - Press 2 For Book Appointment
[main] INFO  com.capgemini.bookmydoctor.controller.PatientController  - Press 3 For Update Patient Details
[main] INFO  com.capgemini.bookmydoctor.controller.PatientController  - Press 4 For Update Booking
[main] INFO  com.capgemini.bookmydoctor.controller.PatientController  - Press 5 For Delete Booking
[main] INFO  com.capgemini.bookmydoctor.controller.PatientController  - Press 6 For View Patient Info
[main] INFO  com.capgemini.bookmydoctor.controller.PatientController  - Press 7 For View Booking
[main] INFO  com.capgemini.bookmydoctor.controller.PatientController  - Press 8 For Add Rating
[main] INFO  com.capgemini.bookmydoctor.controller.PatientController  - Press 9 For Logout
[main] INFO  com.capgemini.bookmydoctor.controller.PatientController  - Enter Your Choice below--->
[main] INFO  com.capgemini.bookmydoctor.controller.PatientController  - --------------This is your Booking Info.-----------------------
[main] INFO  com.capgemini.bookmydoctor.controller.PatientController  - Appointment Id is            :- 111
[main] INFO  com.capgemini.bookmydoctor.controller.PatientController  - Doctor Id is                 :- 101
[main] INFO  com.capgemini.bookmydoctor.controller.PatientController  - Doctor Name is               :- Khusboo
[main] INFO  com.capgemini.bookmydoctor.controller.PatientController  - Patient Id is                :- 1
[main] INFO  com.capgemini.bookmydoctor.controller.PatientController  - Patient Name is              :- Sai
[main] INFO  com.capgemini.bookmydoctor.controller.PatientController  - Appointment Date and Time is :- 20-10-2019 9:00 AM - 10:00 AM
[main] INFO  com.capgemini.bookmydoctor.controller.PatientController  - ------------------------------------------------
[main] INFO  com.capgemini.bookmydoctor.controller.PatientController  - ***************************************
[main] INFO  com.capgemini.bookmydoctor.controller.PatientController  - Avaiable options you have--->:- 
[main] INFO  com.capgemini.bookmydoctor.controller.PatientController  - Press 1 For Search Doctor
[main] INFO  com.capgemini.bookmydoctor.controller.PatientController  - Press 2 For Book Appointment
[main] INFO  com.capgemini.bookmydoctor.controller.PatientController  - Press 3 For Update Patient Details
[main] INFO  com.capgemini.bookmydoctor.controller.PatientController  - Press 4 For Update Booking
[main] INFO  com.capgemini.bookmydoctor.controller.PatientController  - Press 5 For Delete Booking
[main] INFO  com.capgemini.bookmydoctor.controller.PatientController  - Press 6 For View Patient Info
[main] INFO  com.capgemini.bookmydoctor.controller.PatientController  - Press 7 For View Booking
[main] INFO  com.capgemini.bookmydoctor.controller.PatientController  - Press 8 For Add Rating
[main] INFO  com.capgemini.bookmydoctor.controller.PatientController  - Press 9 For Logout
[main] INFO  com.capgemini.bookmydoctor.controller.PatientController  - Enter Your Choice below--->
[main] INFO  com.capgemini.bookmydoctor.controller.Main  - **********************************************************************************************************************************************************************************
[main] INFO  com.capgemini.bookmydoctor.controller.Main  -                                                                !!!!!Welcome to Book my Doctor Application!!!!!!
[main] INFO  com.capgemini.bookmydoctor.controller.Main  - **********************************************************************************************************************************************************************************
[main] INFO  com.capgemini.bookmydoctor.controller.Main  - ******!!!Welcome To Home Page!!!Choose any User~~~~~~~~:-********** 
[main] INFO  com.capgemini.bookmydoctor.controller.Main  - Avaiable options you have--->
[main] INFO  com.capgemini.bookmydoctor.controller.Main  - Enter 1 For Admin
[main] INFO  com.capgemini.bookmydoctor.controller.Main  - Enter 2 For Doctor
[main] INFO  com.capgemini.bookmydoctor.controller.Main  - Enter 3 For Patient
[main] INFO  com.capgemini.bookmydoctor.controller.Main  - Enter 4 For Exit
[main] INFO  com.capgemini.bookmydoctor.controller.Main  - Press your choice below-->
[main] INFO  com.capgemini.bookmydoctor.controller.Main  - ThankYou for using Book My Doctor Application...!!!!!!!
[main] INFO  com.capgemini.bookmydoctor.controller.Main  - **********************************************************************************************************************************************************************************
[main] INFO  com.capgemini.bookmydoctor.controller.Main  -                                                                !!!!!Welcome to Book my Doctor Application!!!!!!
[main] INFO  com.capgemini.bookmydoctor.controller.Main  - **********************************************************************************************************************************************************************************
[main] INFO  com.capgemini.bookmydoctor.controller.Main  - ******!!!Welcome To Home Page!!!Choose any User~~~~~~~~:-********** 
[main] INFO  com.capgemini.bookmydoctor.controller.Main  - Avaiable options you have--->
[main] INFO  com.capgemini.bookmydoctor.controller.Main  - Enter 1 For Admin
[main] INFO  com.capgemini.bookmydoctor.controller.Main  - Enter 2 For Doctor
[main] INFO  com.capgemini.bookmydoctor.controller.Main  - Enter 3 For Patient
[main] INFO  com.capgemini.bookmydoctor.controller.Main  - Enter 4 For Exit
[main] INFO  com.capgemini.bookmydoctor.controller.Main  - Press your choice below-->
[main] INFO  com.capgemini.bookmydoctor.controller.Main  - ***********Welcome to Doctor Page**************
[main] INFO  com.capgemini.bookmydoctor.controller.Main  - Avaiable options you have --->
[main] INFO  com.capgemini.bookmydoctor.controller.Main  - Enter 1 For Login
[main] INFO  com.capgemini.bookmydoctor.controller.Main  - Enter 2 For Exit
[main] INFO  com.capgemini.bookmydoctor.controller.Main  - Enter Your Choice below--->
[main] INFO  com.capgemini.bookmydoctor.controller.Main  - Please!!!Enter valid input
[main] INFO  com.capgemini.bookmydoctor.controller.Main  - ***********Welcome to Doctor Page**************
[main] INFO  com.capgemini.bookmydoctor.controller.Main  - Avaiable options you have --->
[main] INFO  com.capgemini.bookmydoctor.controller.Main  - Enter 1 For Login
[main] INFO  com.capgemini.bookmydoctor.controller.Main  - Enter 2 For Exit
[main] INFO  com.capgemini.bookmydoctor.controller.Main  - Enter Your Choice below--->
[main] INFO  com.capgemini.bookmydoctor.controller.Main  - Please!!!Enter valid input
[main] INFO  com.capgemini.bookmydoctor.controller.Main  - ***********Welcome to Doctor Page**************
[main] INFO  com.capgemini.bookmydoctor.controller.Main  - Avaiable options you have --->
[main] INFO  com.capgemini.bookmydoctor.controller.Main  - Enter 1 For Login
[main] INFO  com.capgemini.bookmydoctor.controller.Main  - Enter 2 For Exit
[main] INFO  com.capgemini.bookmydoctor.controller.Main  - Enter Your Choice below--->
[main] INFO  com.capgemini.bookmydoctor.controller.DoctorController  - Enter email(Ex-sai@gmail.com)
[main] INFO  com.capgemini.bookmydoctor.controller.DoctorController  - Enter password(Atleast min 8 max 16,One Integer,One Capsletter,One Specialsymbol(Ex-Querty@1A))
[main] INFO  com.capgemini.bookmydoctor.controller.DoctorController  - Enter correct password pattern
[main] INFO  com.capgemini.bookmydoctor.controller.DoctorController  - Login Successful!!! Welcome to Doctor page 
[main] INFO  com.capgemini.bookmydoctor.controller.DoctorController  - 
[main] INFO  com.capgemini.bookmydoctor.controller.DoctorController  - Avaiable options you have---> 
[main] INFO  com.capgemini.bookmydoctor.controller.DoctorController  - Press 1 For  View Appointment Details
[main] INFO  com.capgemini.bookmydoctor.controller.DoctorController  - Press 2 For  View Doctor Details
[main] INFO  com.capgemini.bookmydoctor.controller.DoctorController  - Press 3 For  Update Doctor Details
[main] INFO  com.capgemini.bookmydoctor.controller.DoctorController  - Press 4 For  Update Appointment Details
[main] INFO  com.capgemini.bookmydoctor.controller.DoctorController  - Press 5 For  Delete Appointment
[main] INFO  com.capgemini.bookmydoctor.controller.DoctorController  - Press 6 For  Logout
[main] INFO  com.capgemini.bookmydoctor.controller.DoctorController  - Enter Your Choice below--->
[main] INFO  com.capgemini.bookmydoctor.controller.DoctorController  - ------------------------------------------------
[main] INFO  com.capgemini.bookmydoctor.controller.DoctorController  - Appointment Id is   :- 111
[main] INFO  com.capgemini.bookmydoctor.controller.DoctorController  - Doctor Id is        :- 101
[main] INFO  com.capgemini.bookmydoctor.controller.DoctorController  - Doctor Name is      :- Khusboo
[main] INFO  com.capgemini.bookmydoctor.controller.DoctorController  - Patient Id is       :- 1
[main] INFO  com.capgemini.bookmydoctor.controller.DoctorController  - Patient Name is     :- Sai
[main] INFO  com.capgemini.bookmydoctor.controller.DoctorController  - Appointment Date is :- 20-10-2019 9:00 AM - 10:00 AM
[main] INFO  com.capgemini.bookmydoctor.controller.DoctorController  - ------------------------------------------------
[main] INFO  com.capgemini.bookmydoctor.controller.DoctorController  - 
[main] INFO  com.capgemini.bookmydoctor.controller.DoctorController  - Avaiable options you have---> 
[main] INFO  com.capgemini.bookmydoctor.controller.DoctorController  - Press 1 For  View Appointment Details
[main] INFO  com.capgemini.bookmydoctor.controller.DoctorController  - Press 2 For  View Doctor Details
[main] INFO  com.capgemini.bookmydoctor.controller.DoctorController  - Press 3 For  Update Doctor Details
[main] INFO  com.capgemini.bookmydoctor.controller.DoctorController  - Press 4 For  Update Appointment Details
[main] INFO  com.capgemini.bookmydoctor.controller.DoctorController  - Press 5 For  Delete Appointment
[main] INFO  com.capgemini.bookmydoctor.controller.DoctorController  - Press 6 For  Logout
[main] INFO  com.capgemini.bookmydoctor.controller.DoctorController  - Enter Your Choice below--->
[main] INFO  com.capgemini.bookmydoctor.controller.DoctorController  - 
[main] INFO  com.capgemini.bookmydoctor.controller.DoctorController  - Avaiable options you have---> 
[main] INFO  com.capgemini.bookmydoctor.controller.DoctorController  - Press 1 For  View Appointment Details
[main] INFO  com.capgemini.bookmydoctor.controller.DoctorController  - Press 2 For  View Doctor Details
[main] INFO  com.capgemini.bookmydoctor.controller.DoctorController  - Press 3 For  Update Doctor Details
[main] INFO  com.capgemini.bookmydoctor.controller.DoctorController  - Press 4 For  Update Appointment Details
[main] INFO  com.capgemini.bookmydoctor.controller.DoctorController  - Press 5 For  Delete Appointment
[main] INFO  com.capgemini.bookmydoctor.controller.DoctorController  - Press 6 For  Logout
[main] INFO  com.capgemini.bookmydoctor.controller.DoctorController  - Enter Your Choice below--->
[main] INFO  com.capgemini.bookmydoctor.controller.Main  - Enter valid input
[main] INFO  com.capgemini.bookmydoctor.controller.DoctorController  - 
[main] INFO  com.capgemini.bookmydoctor.controller.DoctorController  - Avaiable options you have---> 
[main] INFO  com.capgemini.bookmydoctor.controller.DoctorController  - Press 1 For  View Appointment Details
[main] INFO  com.capgemini.bookmydoctor.controller.DoctorController  - Press 2 For  View Doctor Details
[main] INFO  com.capgemini.bookmydoctor.controller.DoctorController  - Press 3 For  Update Doctor Details
[main] INFO  com.capgemini.bookmydoctor.controller.DoctorController  - Press 4 For  Update Appointment Details
[main] INFO  com.capgemini.bookmydoctor.controller.DoctorController  - Press 5 For  Delete Appointment
[main] INFO  com.capgemini.bookmydoctor.controller.DoctorController  - Press 6 For  Logout
[main] INFO  com.capgemini.bookmydoctor.controller.DoctorController  - Enter Your Choice below--->
- **********************************************************************************************************************************************************************************
-                                                                !!!!!Welcome to Book my Doctor Application!!!!!!
- **********************************************************************************************************************************************************************************
- ******!!!Welcome To Home Page!!!Choose any User~~~~~~~~:-********** 
- Avaiable options you have--->
- Enter 1 For Admin
- Enter 2 For Doctor
- Enter 3 For Patient
- Enter 4 For Exit
- Press your choice below-->
